<?xml version="1.0" encoding="UTF-8"?>
<!-- Generated by org.testng.reporters.JUnitReportReporter -->
<testsuite hostname="LAPTOP-HGOE4S79" failures="0" tests="1" name="tests.SearchTest" time="4.725" errors="0" timestamp="2022-08-21T16:20:30 IST" skipped="0">
  <testcase classname="tests.SearchTest" name="googleSearch" time="4.725"/>
  <system-out/>
</testsuite> <!-- tests.SearchTest -->
