<?xml version="1.0" encoding="UTF-8"?>
<!-- Generated by org.testng.reporters.JUnitReportReporter -->
<testsuite hostname="LAPTOP-HGOE4S79" failures="0" tests="1" name="tests.SearchTest" time="5.935" errors="0" timestamp="2022-08-20T11:33:27 IST" skipped="0">
  <testcase classname="tests.SearchTest" name="init" time="5.935"/>
  <system-out/>
</testsuite> <!-- tests.SearchTest -->
