<?xml version="1.0" encoding="UTF-8"?>
<!-- Generated by org.testng.reporters.JUnitReportReporter -->
<testsuite hostname="LAPTOP-HGOE4S79" failures="0" tests="1" name="com.automation.testproject.AppTest" time="0.003" errors="0" timestamp="2022-08-20T16:13:04 IST" skipped="0">
  <testcase classname="com.automation.testproject.AppTest" name="shouldAnswerWithTrue" time="0.003"/>
  <system-out/>
</testsuite> <!-- com.automation.testproject.AppTest -->
