<?xml version="1.0" encoding="UTF-8"?>
<!-- Generated by org.testng.reporters.JUnitReportReporter -->
<testsuite hostname="LAPTOP-HGOE4S79" failures="0" tests="1" name="com.automation.testproject.AppTest" time="0.004" errors="0" timestamp="2022-08-07T19:05:11 IST" skipped="0">
  <testcase classname="com.automation.testproject.AppTest" name="shouldAnswerWithTrue" time="0.004"/>
  <system-out/>
</testsuite> <!-- com.automation.testproject.AppTest -->
